<?xml version="1.0" encoding="UTF-8"?>
<testng-results ignored="0" total="3" passed="3" failed="0" skipped="0">
  <reporter-output>
  </reporter-output>
  <suite started-at="2023-04-09T19:20:38 PDT" name="Selenium Grid Testing" finished-at="2023-04-09T19:20:50 PDT" duration-ms="11908">
    <groups>
    </groups>
    <test started-at="2023-04-09T19:20:38 PDT" name="Test with Microsoft Edge" finished-at="2023-04-09T19:20:48 PDT" duration-ms="9605">
      <class name="facebook.LoginTest_SeleniumGrid_Parallel">
        <test-method is-config="true" signature="beforeTest()[pri:0, instance:facebook.LoginTest_SeleniumGrid_Parallel@489115ef]" started-at="2023-04-09T19:20:38 PDT" name="beforeTest" finished-at="2023-04-09T19:20:38 PDT" duration-ms="0" status="PASS">
          <reporter-output>
          </reporter-output>
        </test-method> <!-- beforeTest -->
        <test-method is-config="true" signature="beforeClassBase(java.lang.String,java.lang.String)[pri:0, instance:facebook.LoginTest_SeleniumGrid_Parallel@489115ef]" started-at="2023-04-09T19:20:38 PDT" name="beforeClassBase" finished-at="2023-04-09T19:20:42 PDT" duration-ms="3571" status="PASS">
          <params>
            <param index="0">
              <value>
                <![CDATA[MicrosoftEdge]]>
              </value>
            </param>
            <param index="1">
              <value>
                <![CDATA[https://www.facebook.com]]>
              </value>
            </param>
          </params>
          <reporter-output>
          </reporter-output>
        </test-method> <!-- beforeClassBase -->
        <test-method is-config="true" signature="beforeClass()[pri:0, instance:facebook.LoginTest_SeleniumGrid_Parallel@489115ef]" started-at="2023-04-09T19:20:42 PDT" name="beforeClass" finished-at="2023-04-09T19:20:42 PDT" duration-ms="0" status="PASS">
          <reporter-output>
          </reporter-output>
        </test-method> <!-- beforeClass -->
        <test-method signature="TestLogin()[pri:0, instance:facebook.LoginTest_SeleniumGrid_Parallel@489115ef]" started-at="2023-04-09T19:20:42 PDT" name="TestLogin" finished-at="2023-04-09T19:20:44 PDT" duration-ms="2363" status="PASS">
          <reporter-output>
          </reporter-output>
        </test-method> <!-- TestLogin -->
        <test-method is-config="true" signature="afterClass()[pri:0, instance:facebook.LoginTest_SeleniumGrid_Parallel@489115ef]" started-at="2023-04-09T19:20:44 PDT" name="afterClass" finished-at="2023-04-09T19:20:44 PDT" duration-ms="1" status="PASS">
          <reporter-output>
          </reporter-output>
        </test-method> <!-- afterClass -->
        <test-method is-config="true" signature="afterClassBase()[pri:0, instance:facebook.LoginTest_SeleniumGrid_Parallel@489115ef]" started-at="2023-04-09T19:20:44 PDT" name="afterClassBase" finished-at="2023-04-09T19:20:48 PDT" duration-ms="3635" status="PASS">
          <reporter-output>
          </reporter-output>
        </test-method> <!-- afterClassBase -->
        <test-method is-config="true" signature="afterTest()[pri:0, instance:facebook.LoginTest_SeleniumGrid_Parallel@489115ef]" started-at="2023-04-09T19:20:48 PDT" name="afterTest" finished-at="2023-04-09T19:20:48 PDT" duration-ms="1" status="PASS">
          <reporter-output>
          </reporter-output>
        </test-method> <!-- afterTest -->
      </class> <!-- facebook.LoginTest_SeleniumGrid_Parallel -->
    </test> <!-- Test with Microsoft Edge -->
    <test started-at="2023-04-09T19:20:38 PDT" name="Test with Chrome" finished-at="2023-04-09T19:20:48 PDT" duration-ms="9620">
      <class name="facebook.LoginTest_SeleniumGrid_Parallel">
        <test-method is-config="true" signature="beforeTest()[pri:0, instance:facebook.LoginTest_SeleniumGrid_Parallel@3c46e67a]" started-at="2023-04-09T19:20:38 PDT" name="beforeTest" finished-at="2023-04-09T19:20:38 PDT" duration-ms="0" status="PASS">
          <reporter-output>
          </reporter-output>
        </test-method> <!-- beforeTest -->
        <test-method is-config="true" signature="beforeClassBase(java.lang.String,java.lang.String)[pri:0, instance:facebook.LoginTest_SeleniumGrid_Parallel@3c46e67a]" started-at="2023-04-09T19:20:38 PDT" name="beforeClassBase" finished-at="2023-04-09T19:20:42 PDT" duration-ms="3637" status="PASS">
          <params>
            <param index="0">
              <value>
                <![CDATA[chrome]]>
              </value>
            </param>
            <param index="1">
              <value>
                <![CDATA[https://www.facebook.com]]>
              </value>
            </param>
          </params>
          <reporter-output>
          </reporter-output>
        </test-method> <!-- beforeClassBase -->
        <test-method is-config="true" signature="beforeClass()[pri:0, instance:facebook.LoginTest_SeleniumGrid_Parallel@3c46e67a]" started-at="2023-04-09T19:20:42 PDT" name="beforeClass" finished-at="2023-04-09T19:20:42 PDT" duration-ms="0" status="PASS">
          <reporter-output>
          </reporter-output>
        </test-method> <!-- beforeClass -->
        <test-method signature="TestLogin()[pri:0, instance:facebook.LoginTest_SeleniumGrid_Parallel@3c46e67a]" started-at="2023-04-09T19:20:42 PDT" name="TestLogin" finished-at="2023-04-09T19:20:44 PDT" duration-ms="2364" status="PASS">
          <reporter-output>
          </reporter-output>
        </test-method> <!-- TestLogin -->
        <test-method is-config="true" signature="afterClass()[pri:0, instance:facebook.LoginTest_SeleniumGrid_Parallel@3c46e67a]" started-at="2023-04-09T19:20:44 PDT" name="afterClass" finished-at="2023-04-09T19:20:44 PDT" duration-ms="0" status="PASS">
          <reporter-output>
          </reporter-output>
        </test-method> <!-- afterClass -->
        <test-method is-config="true" signature="afterClassBase()[pri:0, instance:facebook.LoginTest_SeleniumGrid_Parallel@3c46e67a]" started-at="2023-04-09T19:20:44 PDT" name="afterClassBase" finished-at="2023-04-09T19:20:48 PDT" duration-ms="3594" status="FAIL">
          <exception class="org.openqa.selenium.NoSuchSessionException">
            <message>
              <![CDATA[Tried to run command without establishing a connection
Build info: version: '4.6.0', revision: '79f1c02ae20'
System info: os.name: 'Windows 11', os.arch: 'amd64', os.version: '10.0', java.version: '18.0.2'
Driver info: org.openqa.selenium.remote.RemoteWebDriver
Command: [270a8b33-12f7-45fd-877e-f8d8f12d985e, quit {}]
Capabilities {acceptInsecureCerts: true, browserName: firefox, browserVersion: 102, moz:accessibilityChecks: false, moz:buildID: 20220922073614, moz:debuggerAddress: localhost:18606, moz:firefoxOptions: {}, moz:geckodriverVersion: 0.31.0, moz:headless: false, moz:processID: 17382, moz:profile: /tmp/rust_mozprofileiNW6Nq, moz:shutdownTimeout: 60000, moz:useNonSpecCompliantPointerOrigin: false, moz:webdriverClick: true, moz:windowless: false, pageLoadStrategy: normal, platformName: LINUX, platformVersion: 5.14.0-162.6.1.el9_1.x86_64, proxy: Proxy(), se:bidi: ws://192.168.0.6:4444/sessi..., se:cdp: ws://192.168.0.6:4444/sessi..., se:cdpVersion: 85.0, setWindowRect: true, strictFileInteractability: false, timeouts: {implicit: 0, pageLoad: 300000, script: 30000}, unhandledPromptBehavior: dismiss and notify}]]>
            </message>
            <full-stacktrace>
              <![CDATA[org.openqa.selenium.NoSuchSessionException: Tried to run command without establishing a connection
Build info: version: '4.6.0', revision: '79f1c02ae20'
System info: os.name: 'Windows 11', os.arch: 'amd64', os.version: '10.0', java.version: '18.0.2'
Driver info: org.openqa.selenium.remote.RemoteWebDriver
Command: [270a8b33-12f7-45fd-877e-f8d8f12d985e, quit {}]
Capabilities {acceptInsecureCerts: true, browserName: firefox, browserVersion: 102, moz:accessibilityChecks: false, moz:buildID: 20220922073614, moz:debuggerAddress: localhost:18606, moz:firefoxOptions: {}, moz:geckodriverVersion: 0.31.0, moz:headless: false, moz:processID: 17382, moz:profile: /tmp/rust_mozprofileiNW6Nq, moz:shutdownTimeout: 60000, moz:useNonSpecCompliantPointerOrigin: false, moz:webdriverClick: true, moz:windowless: false, pageLoadStrategy: normal, platformName: LINUX, platformVersion: 5.14.0-162.6.1.el9_1.x86_64, proxy: Proxy(), se:bidi: ws://192.168.0.6:4444/sessi..., se:cdp: ws://192.168.0.6:4444/sessi..., se:cdpVersion: 85.0, setWindowRect: true, strictFileInteractability: false, timeouts: {implicit: 0, pageLoad: 300000, script: 30000}, unhandledPromptBehavior: dismiss and notify}
at java.base/jdk.internal.reflect.DirectConstructorHandleAccessor.newInstance(DirectConstructorHandleAccessor.java:67)
at java.base/java.lang.reflect.Constructor.newInstanceWithCaller(Constructor.java:499)
at java.base/java.lang.reflect.Constructor.newInstance(Constructor.java:483)
at org.openqa.selenium.remote.codec.w3c.W3CHttpResponseCodec.createException(W3CHttpResponseCodec.java:200)
at org.openqa.selenium.remote.codec.w3c.W3CHttpResponseCodec.decode(W3CHttpResponseCodec.java:133)
at org.openqa.selenium.remote.codec.w3c.W3CHttpResponseCodec.decode(W3CHttpResponseCodec.java:53)
at org.openqa.selenium.remote.HttpCommandExecutor.execute(HttpCommandExecutor.java:184)
at org.openqa.selenium.remote.TracedCommandExecutor.execute(TracedCommandExecutor.java:51)
at org.openqa.selenium.remote.RemoteWebDriver.execute(RemoteWebDriver.java:541)
at org.openqa.selenium.remote.RemoteWebDriver.execute(RemoteWebDriver.java:596)
at org.openqa.selenium.remote.RemoteWebDriver.execute(RemoteWebDriver.java:600)
at org.openqa.selenium.remote.RemoteWebDriver.quit(RemoteWebDriver.java:443)
at basepackage.BaseTestSuite.afterClassBase(BaseTestSuite.java:81)
at java.base/jdk.internal.reflect.DirectMethodHandleAccessor.invoke(DirectMethodHandleAccessor.java:104)
at java.base/java.lang.reflect.Method.invoke(Method.java:577)
at org.testng.internal.invokers.MethodInvocationHelper.invokeMethod(MethodInvocationHelper.java:139)
at org.testng.internal.invokers.MethodInvocationHelper.invokeMethodConsideringTimeout(MethodInvocationHelper.java:69)
at org.testng.internal.invokers.ConfigInvoker.invokeConfigurationMethod(ConfigInvoker.java:361)
at org.testng.internal.invokers.ConfigInvoker.invokeConfigurations(ConfigInvoker.java:296)
at org.testng.internal.invokers.TestMethodWorker.invokeAfterClassMethods(TestMethodWorker.java:222)
at org.testng.internal.invokers.TestMethodWorker.run(TestMethodWorker.java:131)
at java.base/java.util.ArrayList.forEach(ArrayList.java:1511)
at org.testng.TestRunner.privateRun(TestRunner.java:806)
at org.testng.TestRunner.run(TestRunner.java:601)
at org.testng.SuiteRunner.runTest(SuiteRunner.java:433)
at org.testng.SuiteRunner$SuiteWorker.run(SuiteRunner.java:471)
at org.testng.internal.thread.ThreadUtil.lambda$execute$0(ThreadUtil.java:58)
at java.base/java.util.concurrent.FutureTask.run(FutureTask.java:264)
at java.base/java.util.concurrent.ThreadPoolExecutor.runWorker(ThreadPoolExecutor.java:1136)
at java.base/java.util.concurrent.ThreadPoolExecutor$Worker.run(ThreadPoolExecutor.java:635)
at java.base/java.lang.Thread.run(Thread.java:833)
]]>
            </full-stacktrace>
          </exception> <!-- org.openqa.selenium.NoSuchSessionException -->
          <reporter-output>
          </reporter-output>
        </test-method> <!-- afterClassBase -->
        <test-method is-config="true" signature="afterTest()[pri:0, instance:facebook.LoginTest_SeleniumGrid_Parallel@3c46e67a]" started-at="2023-04-09T19:20:48 PDT" name="afterTest" finished-at="2023-04-09T19:20:48 PDT" duration-ms="1" status="PASS">
          <reporter-output>
          </reporter-output>
        </test-method> <!-- afterTest -->
      </class> <!-- facebook.LoginTest_SeleniumGrid_Parallel -->
    </test> <!-- Test with Chrome -->
    <test started-at="2023-04-09T19:20:38 PDT" name="Test with Firefox" finished-at="2023-04-09T19:20:50 PDT" duration-ms="11908">
      <class name="facebook.LoginTest_SeleniumGrid_Parallel">
        <test-method is-config="true" signature="beforeSuite()[pri:0, instance:facebook.LoginTest_SeleniumGrid_Parallel@3bf7ca37]" started-at="2023-04-09T19:20:38 PDT" name="beforeSuite" finished-at="2023-04-09T19:20:38 PDT" duration-ms="9" status="PASS">
          <reporter-output>
          </reporter-output>
        </test-method> <!-- beforeSuite -->
        <test-method is-config="true" signature="beforeTest()[pri:0, instance:facebook.LoginTest_SeleniumGrid_Parallel@3bf7ca37]" started-at="2023-04-09T19:20:38 PDT" name="beforeTest" finished-at="2023-04-09T19:20:38 PDT" duration-ms="1" status="PASS">
          <reporter-output>
          </reporter-output>
        </test-method> <!-- beforeTest -->
        <test-method is-config="true" signature="beforeClassBase(java.lang.String,java.lang.String)[pri:0, instance:facebook.LoginTest_SeleniumGrid_Parallel@3bf7ca37]" started-at="2023-04-09T19:20:38 PDT" name="beforeClassBase" finished-at="2023-04-09T19:20:44 PDT" duration-ms="5721" status="PASS">
          <params>
            <param index="0">
              <value>
                <![CDATA[firefox]]>
              </value>
            </param>
            <param index="1">
              <value>
                <![CDATA[https://www.facebook.com/]]>
              </value>
            </param>
          </params>
          <reporter-output>
          </reporter-output>
        </test-method> <!-- beforeClassBase -->
        <test-method is-config="true" signature="beforeClass()[pri:0, instance:facebook.LoginTest_SeleniumGrid_Parallel@3bf7ca37]" started-at="2023-04-09T19:20:44 PDT" name="beforeClass" finished-at="2023-04-09T19:20:44 PDT" duration-ms="1" status="PASS">
          <reporter-output>
          </reporter-output>
        </test-method> <!-- beforeClass -->
        <test-method signature="TestLogin()[pri:0, instance:facebook.LoginTest_SeleniumGrid_Parallel@3bf7ca37]" started-at="2023-04-09T19:20:44 PDT" name="TestLogin" finished-at="2023-04-09T19:20:47 PDT" duration-ms="3168" status="PASS">
          <reporter-output>
          </reporter-output>
        </test-method> <!-- TestLogin -->
        <test-method is-config="true" signature="afterClass()[pri:0, instance:facebook.LoginTest_SeleniumGrid_Parallel@3bf7ca37]" started-at="2023-04-09T19:20:47 PDT" name="afterClass" finished-at="2023-04-09T19:20:47 PDT" duration-ms="1" status="PASS">
          <reporter-output>
          </reporter-output>
        </test-method> <!-- afterClass -->
        <test-method is-config="true" signature="afterClassBase()[pri:0, instance:facebook.LoginTest_SeleniumGrid_Parallel@3bf7ca37]" started-at="2023-04-09T19:20:47 PDT" name="afterClassBase" finished-at="2023-04-09T19:20:50 PDT" duration-ms="3002" status="PASS">
          <reporter-output>
          </reporter-output>
        </test-method> <!-- afterClassBase -->
        <test-method is-config="true" signature="afterTest()[pri:0, instance:facebook.LoginTest_SeleniumGrid_Parallel@3bf7ca37]" started-at="2023-04-09T19:20:50 PDT" name="afterTest" finished-at="2023-04-09T19:20:50 PDT" duration-ms="0" status="PASS">
          <reporter-output>
          </reporter-output>
        </test-method> <!-- afterTest -->
        <test-method is-config="true" signature="afterSuite()[pri:0, instance:facebook.LoginTest_SeleniumGrid_Parallel@3bf7ca37]" started-at="2023-04-09T19:20:50 PDT" name="afterSuite" finished-at="2023-04-09T19:20:50 PDT" duration-ms="1" status="PASS">
          <reporter-output>
          </reporter-output>
        </test-method> <!-- afterSuite -->
      </class> <!-- facebook.LoginTest_SeleniumGrid_Parallel -->
    </test> <!-- Test with Firefox -->
  </suite> <!-- Selenium Grid Testing -->
</testng-results>
